<?xml version="1.0" encoding="UTF-8"?>
<testng-results ignored="0" total="1" passed="1" failed="0" skipped="0">
  <reporter-output>
  </reporter-output>
  <suite started-at="2021-09-12T16:53:41 IST" name="Default suite" finished-at="2021-09-12T16:53:43 IST" duration-ms="1526">
    <groups>
    </groups>
    <test started-at="2021-09-12T16:53:41 IST" name="Default test" finished-at="2021-09-12T16:53:43 IST" duration-ms="1526">
      <class name="test.LoginTest">
        <test-method signature="positiveTest()[pri:0, instance:test.LoginTest@a8c1f44]" started-at="2021-09-12T16:53:41 IST" name="positiveTest" finished-at="2021-09-12T16:53:43 IST" duration-ms="1505" status="PASS">
          <reporter-output>
          </reporter-output>
        </test-method> <!-- positiveTest -->
      </class> <!-- test.LoginTest -->
    </test> <!-- Default test -->
  </suite> <!-- Default suite -->
</testng-results>
